A:\STUDY\MEDIACOMPUTING\MEDIA-COMPUTING\PROJECT1\RESIZE\RESIZE\X64\DEBUG\SHORTESTPATH.OBJ
A:\STUDY\MEDIACOMPUTING\MEDIA-COMPUTING\PROJECT1\RESIZE\RESIZE\X64\DEBUG\COSTFLOW.OBJ
A:\STUDY\MEDIACOMPUTING\MEDIA-COMPUTING\PROJECT1\RESIZE\RESIZE\X64\DEBUG\MAIN.OBJ
A:\STUDY\MEDIACOMPUTING\MEDIA-COMPUTING\PROJECT1\RESIZE\RESIZE\X64\DEBUG\DYNAMICP.OBJ
A:\STUDY\MEDIACOMPUTING\MEDIA-COMPUTING\PROJECT1\RESIZE\RESIZE\X64\DEBUG\BASIC.OBJ
A:\STUDY\MEDIACOMPUTING\MEDIA-COMPUTING\PROJECT1\RESIZE\RESIZE\X64\DEBUG\VC110.PDB
A:\STUDY\MEDIACOMPUTING\MEDIA-COMPUTING\PROJECT1\RESIZE\X64\DEBUG\RESIZE.EXE
A:\study\mediaComputing\Media-Computing\project1\resize\resize\x64\Debug\basic.obj
A:\study\mediaComputing\Media-Computing\project1\resize\resize\x64\Debug\costflow.obj
A:\study\mediaComputing\Media-Computing\project1\resize\resize\x64\Debug\dynamicp.obj
A:\study\mediaComputing\Media-Computing\project1\resize\resize\x64\Debug\main.obj
A:\study\mediaComputing\Media-Computing\project1\resize\resize\x64\Debug\shortestpath.obj
A:\study\mediaComputing\Media-Computing\project1\resize\resize\x64\Debug\cl.command.1.tlog
A:\study\mediaComputing\Media-Computing\project1\resize\resize\x64\Debug\CL.read.1.tlog
A:\study\mediaComputing\Media-Computing\project1\resize\resize\x64\Debug\CL.write.1.tlog
A:\study\mediaComputing\Media-Computing\project1\resize\resize\x64\Debug\link-cvtres.read.1.tlog
A:\study\mediaComputing\Media-Computing\project1\resize\resize\x64\Debug\link-cvtres.write.1.tlog
A:\study\mediaComputing\Media-Computing\project1\resize\resize\x64\Debug\link-rc.read.1.tlog
A:\study\mediaComputing\Media-Computing\project1\resize\resize\x64\Debug\link-rc.write.1.tlog
A:\study\mediaComputing\Media-Computing\project1\resize\resize\x64\Debug\link.command.1.tlog
A:\study\mediaComputing\Media-Computing\project1\resize\resize\x64\Debug\link.read.1.tlog
A:\study\mediaComputing\Media-Computing\project1\resize\resize\x64\Debug\link.write.1.tlog
A:\study\mediaComputing\Media-Computing\project1\resize\resize\x64\Debug\vc110.pdb
A:\study\mediaComputing\Media-Computing\project1\resize\x64\Debug\resize.exe
