A:\STUDY\MEDIACOMPUTING\MEDIA-COMPUTING\PROJECT1\RESIZE\RESIZE\X64\RELEASE\SHORTESTPATH.OBJ
A:\STUDY\MEDIACOMPUTING\MEDIA-COMPUTING\PROJECT1\RESIZE\RESIZE\X64\RELEASE\MAIN.OBJ
A:\STUDY\MEDIACOMPUTING\MEDIA-COMPUTING\PROJECT1\RESIZE\RESIZE\X64\RELEASE\DYNAMICP.OBJ
A:\STUDY\MEDIACOMPUTING\MEDIA-COMPUTING\PROJECT1\RESIZE\RESIZE\X64\RELEASE\COSTFLOW.OBJ
A:\STUDY\MEDIACOMPUTING\MEDIA-COMPUTING\PROJECT1\RESIZE\RESIZE\X64\RELEASE\BASIC.OBJ
A:\STUDY\MEDIACOMPUTING\MEDIA-COMPUTING\PROJECT1\RESIZE\RESIZE\X64\RELEASE\VC110.PDB
A:\study\mediaComputing\Media-Computing\project1\resize\resize\x64\Release\basic.obj
A:\study\mediaComputing\Media-Computing\project1\resize\resize\x64\Release\costflow.obj
A:\study\mediaComputing\Media-Computing\project1\resize\resize\x64\Release\dynamicp.obj
A:\study\mediaComputing\Media-Computing\project1\resize\resize\x64\Release\main.obj
A:\study\mediaComputing\Media-Computing\project1\resize\resize\x64\Release\shortestpath.obj
A:\study\mediaComputing\Media-Computing\project1\resize\resize\x64\Release\cl.command.1.tlog
A:\study\mediaComputing\Media-Computing\project1\resize\resize\x64\Release\CL.read.1.tlog
A:\study\mediaComputing\Media-Computing\project1\resize\resize\x64\Release\CL.write.1.tlog
A:\study\mediaComputing\Media-Computing\project1\resize\resize\x64\Release\link-cvtres.read.1.tlog
A:\study\mediaComputing\Media-Computing\project1\resize\resize\x64\Release\link-cvtres.write.1.tlog
A:\study\mediaComputing\Media-Computing\project1\resize\resize\x64\Release\link-rc.read.1.tlog
A:\study\mediaComputing\Media-Computing\project1\resize\resize\x64\Release\link-rc.write.1.tlog
A:\study\mediaComputing\Media-Computing\project1\resize\resize\x64\Release\link.command.1.tlog
A:\study\mediaComputing\Media-Computing\project1\resize\resize\x64\Release\link.read.1.tlog
A:\study\mediaComputing\Media-Computing\project1\resize\resize\x64\Release\link.write.1.tlog
A:\study\mediaComputing\Media-Computing\project1\resize\resize\x64\Release\vc110.pdb
